

Microchip Technology PIC18 LITE Macro Assembler V1.45 build -152302408 
                                                                                               Tue Jul 03 21:20:19 2018

Microchip Technology Omniscient Code Generator v1.45 (Free mode) build 201711160504
     1                           	processor	18F4550
     2                           	fnconf	rparam,??,?,0
     3                           	opt	pw 120
     4                           	opt	lm
     5                           	psect	cinit,global,reloc=2,class=CODE,delta=1
     6                           	psect	cstackCOMRAM,global,class=COMRAM,space=1,delta=1,noexec
     7                           	psect	text0,global,reloc=2,class=CODE,delta=1
     8                           	psect	text1,global,reloc=2,class=CODE,delta=1
     9                           	psect	intsave_regs,global,class=BIGRAM,space=1,delta=1,noexec
    10                           	psect	rparam,global,class=COMRAM,space=1,delta=1,noexec
    11  0000                     
    12                           ; Version 1.45
    13                           ; Generated 16/11/2017 GMT
    14                           ; 
    15                           ; Copyright © 2017, Microchip Technology Inc. and its subsidiaries ("Microchip")
    16                           ; All rights reserved.
    17                           ; 
    18                           ; This software is developed by Microchip Technology Inc. and its subsidiaries ("Microch
      +                          ip").
    19                           ; 
    20                           ; Redistribution and use in source and binary forms, with or without modification, are
    21                           ; permitted provided that the following conditions are met:
    22                           ; 
    23                           ;     1. Redistributions of source code must retain the above copyright notice, this lis
      +                          t of
    24                           ;        conditions and the following disclaimer.
    25                           ; 
    26                           ;     2. Redistributions in binary form must reproduce the above copyright notice, this 
      +                          list
    27                           ;        of conditions and the following disclaimer in the documentation and/or other
    28                           ;        materials provided with the distribution.
    29                           ; 
    30                           ;     3. Microchip's name may not be used to endorse or promote products derived from th
      +                          is
    31                           ;        software without specific prior written permission.
    32                           ; 
    33                           ; THIS SOFTWARE IS PROVIDED BY MICROCHIP "AS IS" AND ANY EXPRESS OR IMPLIED WARRANTIES,
    34                           ; INCLUDING, BUT NOT LIMITED TO, THE IMPLIED WARRANTIES OF MERCHANTABILITY AND FITNESS F
      +                          OR
    35                           ; PURPOSE ARE DISCLAIMED.  IN NO EVENT SHALL MICROCHIP BE LIABLE FOR ANY DIRECT, INDIREC
      +                          T,
    36                           ; INCIDENTAL, SPECIAL, EXEMPLARY, OR CONSEQUENTIAL DAMAGES (INCLUDING BUT NOT LIMITED TO
    37                           ; PROCUREMENT OF SUBSTITUTE GOODS OR SERVICES; LOSS OF USE, DATA OR PROFITS; OR BUSINESS
    38                           ; INTERRUPTION) HOWSOEVER CAUSED AND ON ANY THEORY OF LIABILITY, WHETHER IN CONTRACT, ST
      +                          RICT
    39                           ; LIABILITY, OR TORT (INCLUDING NEGLIGENCE OR OTHERWISE) ARISING IN ANY WAY OUT OF THE U
      +                          SE OF
    40                           ; THIS SOFTWARE, EVEN IF ADVISED OF THE POSSIBILITY OF SUCH DAMAGE.
    41                           ; 
    42                           ; 
    43                           ; Code-generator required, PIC18F4550 Definitions
    44                           ; 
    45                           ; SFR Addresses
    46  0000                     _PORTD	set	3971
    47  0000                     _TRISD	set	3989
    48  0000                     _TMR0L	set	4054
    49  0000                     _TMR0H	set	4055
    50  0000                     _RC0	set	31760
    51  0000                     _RC1	set	31761
    52  0000                     _TMR0ON	set	32431
    53  0000                     _TMR0IF	set	32658
    54  0000                     _PSA	set	32427
    55  0000                     _T0CS	set	32429
    56  0000                     _T08BIT	set	32430
    57                           
    58                           ; #config settings
    59  0000                     
    60                           	psect	cinit
    61  007F24                     __pcinit:
    62                           	opt stack 0
    63  007F24                     start_initialization:
    64                           	opt stack 0
    65  007F24                     __initialization:
    66                           	opt stack 0
    67  007F24                     end_of_initialization:
    68                           	opt stack 0
    69  007F24                     __end_of__initialization:
    70                           	opt stack 0
    71  007F24  0100               	movlb	0
    72  007F26  EFB2  F03F         	goto	_main	;jump to C main() function
    73                           
    74                           	psect	cstackCOMRAM
    75  000001                     __pcstackCOMRAM:
    76                           	opt stack 0
    77  000001                     delay_ms@tempo:
    78                           	opt stack 0
    79                           
    80                           ; 2 bytes @ 0x0
    81  000001                     	ds	2
    82  000003                     ??_delay_ms:
    83                           
    84                           ; 1 bytes @ 0x2
    85  000003                     	ds	1
    86  000004                     delay_ms@x:
    87                           	opt stack 0
    88                           
    89                           ; 2 bytes @ 0x3
    90  000004                     	ds	2
    91  000006                     ??_main:
    92                           
    93                           ; 1 bytes @ 0x5
    94  000006                     	ds	2
    95  000008                     main@f:
    96                           	opt stack 0
    97                           
    98                           ; 2 bytes @ 0x7
    99  000008                     	ds	2
   100  00000A                     main@T:
   101                           	opt stack 0
   102                           
   103                           ; 2 bytes @ 0x9
   104  00000A                     	ds	2
   105  00000C                     main@duty:
   106                           	opt stack 0
   107                           
   108                           ; 2 bytes @ 0xB
   109  00000C                     	ds	2
   110                           
   111 ;;
   112 ;;Main: autosize = 0, tempsize = 2, incstack = 0, save=0
   113 ;;
   114 ;; *************** function _main *****************
   115 ;; Defined at:
   116 ;;		line 28 in file "newmain.c"
   117 ;; Parameters:    Size  Location     Type
   118 ;;		None
   119 ;; Auto vars:     Size  Location     Type
   120 ;;  duty            2   11[COMRAM] int 
   121 ;;  T               2    9[COMRAM] int 
   122 ;;  f               2    7[COMRAM] int 
   123 ;; Return value:  Size  Location     Type
   124 ;;                  1    wreg      void 
   125 ;; Registers used:
   126 ;;		wreg, status,2, status,0, cstack
   127 ;; Tracked objects:
   128 ;;		On entry : 0/0
   129 ;;		On exit  : 0/0
   130 ;;		Unchanged: 0/0
   131 ;; Data sizes:     COMRAM   BANK0   BANK1   BANK2   BANK3   BANK4   BANK5   BANK6   BANK7
   132 ;;      Params:         0       0       0       0       0       0       0       0       0
   133 ;;      Locals:         6       0       0       0       0       0       0       0       0
   134 ;;      Temps:          2       0       0       0       0       0       0       0       0
   135 ;;      Totals:         8       0       0       0       0       0       0       0       0
   136 ;;Total ram usage:        8 bytes
   137 ;; Hardware stack levels required when called:    1
   138 ;; This function calls:
   139 ;;		_delay_ms
   140 ;; This function is called by:
   141 ;;		Startup code after reset
   142 ;; This function uses a non-reentrant model
   143 ;;
   144                           
   145                           	psect	text0
   146  007F64                     __ptext0:
   147                           	opt stack 0
   148  007F64                     _main:
   149                           	opt stack 30
   150                           
   151                           ;newmain.c: 29: TRISD = 0b00000000;
   152                           
   153                           ;incstack = 0
   154  007F64  0E00               	movlw	0
   155  007F66  6E95               	movwf	3989,c	;volatile
   156                           
   157                           ;newmain.c: 30: int f=1;
   158  007F68  0E00               	movlw	0
   159  007F6A  6E09               	movwf	main@f+1,c
   160  007F6C  0E01               	movlw	1
   161  007F6E  6E08               	movwf	main@f,c
   162                           
   163                           ;newmain.c: 31: int T=1;
   164  007F70  0E00               	movlw	0
   165  007F72  6E0B               	movwf	main@T+1,c
   166  007F74  0E01               	movlw	1
   167  007F76  6E0A               	movwf	main@T,c
   168                           
   169                           ;newmain.c: 32: PORTD=0;
   170  007F78  0E00               	movlw	0
   171  007F7A  6E83               	movwf	3971,c	;volatile
   172                           
   173                           ;newmain.c: 33: int duty = 10;
   174  007F7C  0E00               	movlw	0
   175  007F7E  6E0D               	movwf	main@duty+1,c
   176  007F80  0E0A               	movlw	10
   177  007F82  6E0C               	movwf	main@duty,c
   178  007F84                     
   179                           ;newmain.c: 35: {
   180                           ;newmain.c: 44: if ((RC1==1) && (duty<15)){
   181  007F84  A282               	btfss	3970,1,c	;volatile
   182  007F86  D011               	goto	l37
   183  007F88  BE0D               	btfsc	main@duty+1,7,c
   184  007F8A  D006               	goto	u120
   185  007F8C  500D               	movf	main@duty+1,w,c
   186  007F8E  E10D               	bnz	l37
   187  007F90  0E0F               	movlw	15
   188  007F92  5C0C               	subwf	main@duty,w,c
   189  007F94  B0D8               	btfsc	status,0,c
   190  007F96  D009               	goto	l37
   191  007F98                     u120:
   192                           
   193                           ;newmain.c: 46: duty=duty+1;
   194  007F98  0E01               	movlw	1
   195  007F9A  240C               	addwf	main@duty,w,c
   196  007F9C  6E0C               	movwf	main@duty,c
   197  007F9E  0E00               	movlw	0
   198  007FA0  200D               	addwfc	main@duty+1,w,c
   199  007FA2  6E0D               	movwf	main@duty+1,c
   200  007FA4  A282               	btfss	3970,1,c	;volatile
   201  007FA6  D012               	goto	u160
   202  007FA8  D7FD               	goto	l39
   203  007FAA                     l37:
   204                           
   205                           ;newmain.c: 49: else if((RC0==1)&& (duty>1)){
   206  007FAA  B082               	btfsc	3970,0,c	;volatile
   207  007FAC  BE0D               	btfsc	main@duty+1,7,c
   208  007FAE  D00E               	goto	u160
   209  007FB0  500D               	movf	main@duty+1,w,c
   210  007FB2  E104               	bnz	u150
   211  007FB4  0E02               	movlw	2
   212  007FB6  5C0C               	subwf	main@duty,w,c
   213  007FB8  A0D8               	btfss	status,0,c
   214  007FBA  D008               	goto	u160
   215  007FBC                     u150:
   216                           
   217                           ;newmain.c: 50: duty=duty-1;
   218  007FBC  0EFF               	movlw	255
   219  007FBE  240C               	addwf	main@duty,w,c
   220  007FC0  6E0C               	movwf	main@duty,c
   221  007FC2  0EFF               	movlw	255
   222  007FC4  200D               	addwfc	main@duty+1,w,c
   223  007FC6  6E0D               	movwf	main@duty+1,c
   224  007FC8  B082               	btfsc	3970,0,c	;volatile
   225  007FCA  D7FE               	goto	l44
   226  007FCC                     u160:
   227                           
   228                           ;newmain.c: 52: }
   229                           ;newmain.c: 53: PORTD=255;
   230  007FCC  6883               	setf	3971,c	;volatile
   231                           
   232                           ;newmain.c: 55: delay_ms(duty);
   233  007FCE  C00C  F001         	movff	main@duty,delay_ms@tempo
   234  007FD2  C00D  F002         	movff	main@duty+1,delay_ms@tempo+1
   235  007FD6  EC95  F03F         	call	_delay_ms	;wreg free
   236                           
   237                           ;newmain.c: 56: PORTD=0;
   238  007FDA  0E00               	movlw	0
   239  007FDC  6E83               	movwf	3971,c	;volatile
   240                           
   241                           ;newmain.c: 58: delay_ms(15-duty);
   242  007FDE  C00C  F006         	movff	main@duty,??_main
   243  007FE2  C00D  F007         	movff	main@duty+1,??_main+1
   244  007FE6  1E06               	comf	??_main,f,c
   245  007FE8  1E07               	comf	??_main+1,f,c
   246  007FEA  4A06               	infsnz	??_main,f,c
   247  007FEC  2A07               	incf	??_main+1,f,c
   248  007FEE  0E0F               	movlw	15
   249  007FF0  2406               	addwf	??_main,w,c
   250  007FF2  6E01               	movwf	delay_ms@tempo,c
   251  007FF4  0E00               	movlw	0
   252  007FF6  2007               	addwfc	??_main+1,w,c
   253  007FF8  6E02               	movwf	delay_ms@tempo+1,c
   254  007FFA  EC95  F03F         	call	_delay_ms	;wreg free
   255  007FFE  D7C2               	goto	l36
   256  008000                     __end_of_main:
   257                           	opt stack 0
   258                           status	equ	0xFD8
   259                           
   260 ;; *************** function _delay_ms *****************
   261 ;; Defined at:
   262 ;;		line 11 in file "newmain.c"
   263 ;; Parameters:    Size  Location     Type
   264 ;;  tempo           2    0[COMRAM] int 
   265 ;; Auto vars:     Size  Location     Type
   266 ;;  x               2    3[COMRAM] int 
   267 ;; Return value:  Size  Location     Type
   268 ;;                  1    wreg      void 
   269 ;; Registers used:
   270 ;;		wreg, status,2, status,0
   271 ;; Tracked objects:
   272 ;;		On entry : 0/0
   273 ;;		On exit  : 0/0
   274 ;;		Unchanged: 0/0
   275 ;; Data sizes:     COMRAM   BANK0   BANK1   BANK2   BANK3   BANK4   BANK5   BANK6   BANK7
   276 ;;      Params:         2       0       0       0       0       0       0       0       0
   277 ;;      Locals:         2       0       0       0       0       0       0       0       0
   278 ;;      Temps:          1       0       0       0       0       0       0       0       0
   279 ;;      Totals:         5       0       0       0       0       0       0       0       0
   280 ;;Total ram usage:        5 bytes
   281 ;; Hardware stack levels used:    1
   282 ;; This function calls:
   283 ;;		Nothing
   284 ;; This function is called by:
   285 ;;		_main
   286 ;; This function uses a non-reentrant model
   287 ;;
   288                           
   289                           	psect	text1
   290  007F2A                     __ptext1:
   291                           	opt stack 0
   292  007F2A                     _delay_ms:
   293                           	opt stack 30
   294                           
   295                           ;newmain.c: 13: int x;
   296                           ;newmain.c: 14: T08BIT = 0;
   297                           
   298                           ;incstack = 0
   299  007F2A  9CD5               	bcf	4053,6,c	;volatile
   300                           
   301                           ;newmain.c: 15: T0CS = 0;
   302  007F2C  9AD5               	bcf	4053,5,c	;volatile
   303                           
   304                           ;newmain.c: 16: PSA = 1;
   305  007F2E  86D5               	bsf	4053,3,c	;volatile
   306                           
   307                           ;newmain.c: 17: for (x=0; x<tempo; ++x)
   308  007F30  0E00               	movlw	0
   309  007F32  6E05               	movwf	delay_ms@x+1,c
   310  007F34  0E00               	movlw	0
   311  007F36  6E04               	movwf	delay_ms@x,c
   312  007F38  D00A               	goto	l25
   313  007F3A                     
   314                           ;newmain.c: 18: {
   315                           ;newmain.c: 19: TMR0H = 0xfc;
   316  007F3A  0EFC               	movlw	252
   317  007F3C  6ED7               	movwf	4055,c	;volatile
   318                           
   319                           ;newmain.c: 20: TMR0L = 0x18;
   320  007F3E  0E18               	movlw	24
   321  007F40  6ED6               	movwf	4054,c	;volatile
   322                           
   323                           ;newmain.c: 21: TMR0IF = 0;
   324  007F42  94F2               	bcf	intcon,2,c	;volatile
   325                           
   326                           ;newmain.c: 22: TMR0ON = 1;
   327  007F44  8ED5               	bsf	4053,7,c	;volatile
   328  007F46  A4F2               	btfss	intcon,2,c	;volatile
   329  007F48  D7FE               	goto	l28
   330  007F4A  4A04               	infsnz	delay_ms@x,f,c
   331  007F4C  2A05               	incf	delay_ms@x+1,f,c
   332  007F4E                     l25:
   333  007F4E  5001               	movf	delay_ms@tempo,w,c
   334  007F50  5C04               	subwf	delay_ms@x,w,c
   335  007F52  5005               	movf	delay_ms@x+1,w,c
   336  007F54  0A80               	xorlw	128
   337  007F56  6E03               	movwf	??_delay_ms& (0+255),c
   338  007F58  5002               	movf	delay_ms@tempo+1,w,c
   339  007F5A  0A80               	xorlw	128
   340  007F5C  5803               	subwfb	??_delay_ms& (0+255),w,c
   341  007F5E  B0D8               	btfsc	status,0,c
   342  007F60  0012               	return	
   343  007F62  D7EB               	goto	l26
   344  007F64                     __end_of_delay_ms:
   345                           	opt stack 0
   346  0000                     intcon	equ	0xFF2
   347                           status	equ	0xFD8
   348                           intcon	equ	0xFF2
   349                           status	equ	0xFD8
   350                           
   351                           	psect	rparam
   352  0000                     intcon	equ	0xFF2
   353                           status	equ	0xFD8


Data Sizes:
    Strings     0
    Constant    0
    Data        0
    BSS         0
    Persistent  0
    Stack       0

Auto Spaces:
    Space          Size  Autos    Used
    COMRAM           95     13      13
    BANK0           160      0       0
    BANK1           256      0       0
    BANK2           256      0       0
    BANK3           256      0       0
    BANK4           256      0       0
    BANK5           256      0       0
    BANK6           256      0       0
    BANK7           256      0       0

Pointer List with Targets:

    None.

Critical Paths under _main in COMRAM

    _main->_delay_ms

Critical Paths under _main in BANK0

    None.

Critical Paths under _main in BANK1

    None.

Critical Paths under _main in BANK2

    None.

Critical Paths under _main in BANK3

    None.

Critical Paths under _main in BANK4

    None.

Critical Paths under _main in BANK5

    None.

Critical Paths under _main in BANK6

    None.

Critical Paths under _main in BANK7

    None.

Call Graph Tables:

 ---------------------------------------------------------------------------------
 (Depth) Function   	        Calls       Base Space   Used Autos Params    Refs
 ---------------------------------------------------------------------------------
 (0) _main                                                 8     8      0     335
                                              5 COMRAM     8     8      0
                           _delay_ms
 ---------------------------------------------------------------------------------
 (1) _delay_ms                                             5     3      2     198
                                              0 COMRAM     5     3      2
 ---------------------------------------------------------------------------------
 Estimated maximum stack depth 1
 ---------------------------------------------------------------------------------

 Call Graph Graphs:

 _main (ROOT)
   _delay_ms

 Address spaces:
Name               Size   Autos  Total    Cost      Usage
BITCOMRAM           5F      0       0       0        0.0%
EEDATA             100      0       0       0        0.0%
NULL                 0      0       0       0        0.0%
CODE                 0      0       0       0        0.0%
COMRAM              5F      D       D       1       13.7%
STACK                0      0       0       2        0.0%
DATA                 0      0       0       3        0.0%
BITBANK0            A0      0       0       4        0.0%
BANK0               A0      0       0       5        0.0%
BITBANK1           100      0       0       6        0.0%
BANK1              100      0       0       7        0.0%
BITBANK2           100      0       0       8        0.0%
BANK2              100      0       0       9        0.0%
BITBANK3           100      0       0      10        0.0%
BANK3              100      0       0      11        0.0%
BITBANK4           100      0       0      12        0.0%
BANK4              100      0       0      13        0.0%
BITBANK5           100      0       0      14        0.0%
BANK5              100      0       0      15        0.0%
BITBANK6           100      0       0      16        0.0%
BANK6              100      0       0      17        0.0%
BITBANK7           100      0       0      18        0.0%
BANK7              100      0       0      19        0.0%
ABS                  0      0       0      20        0.0%
BIGRAM             7FF      0       0      21        0.0%
BITSFR               0      0       0     200        0.0%
SFR                  0      0       0     200        0.0%


Microchip Technology PIC18 Macro Assembler V1.45 build -152302408 
Symbol Table                                                                                   Tue Jul 03 21:20:19 2018

                     l25 7F4E                       l26 7F3A                       l28 7F46  
                     l44 7FC8                       l36 7F84                       l37 7FAA  
                     l39 7FA4                      _RC0 007C10                      _RC1 007C11  
                    u120 7F98                      u150 7FBC                      u160 7FCC  
                    _PSA 007EAB             __CFG_WDT$OFF 000000                     _T0CS 007EAD  
                   _main 7F64                     start 0000             ___param_bank 000000  
                  ?_main 0001                    _TMR0H 000FD7                    _TMR0L 000FD6  
                  _PORTD 000F83                    _TRISD 000F95                    main@T 000A  
                  main@f 0008                    status 000FD8          __initialization 7F24  
           __end_of_main 8000                   ??_main 0006            __activetblptr 000000  
                 _T08BIT 007EAE                   _TMR0IF 007F92                   _TMR0ON 007EAF  
       __end_of_delay_ms 7F64               __accesstop 0060  __end_of__initialization 7F24  
        __CFG_FOSC$XT_XT 000000            ___rparam_used 000001           __pcstackCOMRAM 0001  
              ?_delay_ms 0001                  __Hparam 0000                  __Lparam 0000  
                __pcinit 7F24                  __ramtop 0800                  __ptext0 7F64  
                __ptext1 7F2A               ??_delay_ms 0003     end_of_initialization 7F24  
          delay_ms@tempo 0001      start_initialization 7F24        __size_of_delay_ms 003A  
              delay_ms@x 0004                 __Hrparam 0000                 __Lrparam 0000  
               _delay_ms 7F2A            __size_of_main 009C                 main@duty 000C  
