

Microchip Technology PIC18 LITE Macro Assembler V1.45 build -152302408 
                                                                                               Mon May 28 23:35:29 2018

Microchip Technology Omniscient Code Generator v1.45 (Free mode) build 201711160504
     1                           	processor	18F4520
     2                           	fnconf	rparam,??,?,0
     3                           	opt	pw 120
     4                           	opt	lm
     5                           	psect	cinit,global,reloc=2,class=CODE,delta=1
     6                           	psect	cstackCOMRAM,global,class=COMRAM,space=1,delta=1,noexec
     7                           	psect	text0,global,reloc=2,class=CODE,delta=1
     8                           	psect	text1,global,reloc=2,class=CODE,delta=1
     9                           	psect	text2,global,reloc=2,class=CODE,delta=1
    10                           	psect	text3,global,reloc=2,class=CODE,delta=1
    11                           	psect	intsave_regs,global,class=BIGRAM,space=1,delta=1,noexec
    12                           	psect	rparam,global,class=COMRAM,space=1,delta=1,noexec
    13  0000                     
    14                           ; Version 1.45
    15                           ; Generated 16/11/2017 GMT
    16                           ; 
    17                           ; Copyright © 2017, Microchip Technology Inc. and its subsidiaries ("Microchip")
    18                           ; All rights reserved.
    19                           ; 
    20                           ; This software is developed by Microchip Technology Inc. and its subsidiaries ("Microch
      +                          ip").
    21                           ; 
    22                           ; Redistribution and use in source and binary forms, with or without modification, are
    23                           ; permitted provided that the following conditions are met:
    24                           ; 
    25                           ;     1. Redistributions of source code must retain the above copyright notice, this lis
      +                          t of
    26                           ;        conditions and the following disclaimer.
    27                           ; 
    28                           ;     2. Redistributions in binary form must reproduce the above copyright notice, this 
      +                          list
    29                           ;        of conditions and the following disclaimer in the documentation and/or other
    30                           ;        materials provided with the distribution.
    31                           ; 
    32                           ;     3. Microchip's name may not be used to endorse or promote products derived from th
      +                          is
    33                           ;        software without specific prior written permission.
    34                           ; 
    35                           ; THIS SOFTWARE IS PROVIDED BY MICROCHIP "AS IS" AND ANY EXPRESS OR IMPLIED WARRANTIES,
    36                           ; INCLUDING, BUT NOT LIMITED TO, THE IMPLIED WARRANTIES OF MERCHANTABILITY AND FITNESS F
      +                          OR
    37                           ; PURPOSE ARE DISCLAIMED.  IN NO EVENT SHALL MICROCHIP BE LIABLE FOR ANY DIRECT, INDIREC
      +                          T,
    38                           ; INCIDENTAL, SPECIAL, EXEMPLARY, OR CONSEQUENTIAL DAMAGES (INCLUDING BUT NOT LIMITED TO
    39                           ; PROCUREMENT OF SUBSTITUTE GOODS OR SERVICES; LOSS OF USE, DATA OR PROFITS; OR BUSINESS
    40                           ; INTERRUPTION) HOWSOEVER CAUSED AND ON ANY THEORY OF LIABILITY, WHETHER IN CONTRACT, ST
      +                          RICT
    41                           ; LIABILITY, OR TORT (INCLUDING NEGLIGENCE OR OTHERWISE) ARISING IN ANY WAY OUT OF THE U
      +                          SE OF
    42                           ; THIS SOFTWARE, EVEN IF ADVISED OF THE POSSIBILITY OF SUCH DAMAGE.
    43                           ; 
    44                           ; 
    45                           ; Code-generator required, PIC18F4520 Definitions
    46                           ; 
    47                           ; SFR Addresses
    48  0000                     _TRISD	set	3989
    49  0000                     _RD0	set	31768
    50                           
    51                           ; #config settings
    52  0000                     
    53                           	psect	cinit
    54  007FAE                     __pcinit:
    55                           	opt stack 0
    56  007FAE                     start_initialization:
    57                           	opt stack 0
    58  007FAE                     __initialization:
    59                           	opt stack 0
    60  007FAE                     end_of_initialization:
    61                           	opt stack 0
    62  007FAE                     __end_of__initialization:
    63                           	opt stack 0
    64  007FAE  0100               	movlb	0
    65  007FB0  EFDA  F03F         	goto	_main	;jump to C main() function
    66                           
    67                           	psect	cstackCOMRAM
    68  000001                     __pcstackCOMRAM:
    69                           	opt stack 0
    70  000001                     delay@x:
    71                           	opt stack 0
    72                           
    73                           ; 4 bytes @ 0x0
    74  000001                     	ds	4
    75  000005                     
    76                           ; 1 bytes @ 0x4
    77 ;;
    78 ;;Main: autosize = 0, tempsize = 0, incstack = 0, save=0
    79 ;;
    80 ;; *************** function _main *****************
    81 ;; Defined at:
    82 ;;		line 22 in file "LigaDesl.c"
    83 ;; Parameters:    Size  Location     Type
    84 ;;		None
    85 ;; Auto vars:     Size  Location     Type
    86 ;;		None
    87 ;; Return value:  Size  Location     Type
    88 ;;                  1    wreg      void 
    89 ;; Registers used:
    90 ;;		wreg, status,2, status,0, cstack
    91 ;; Tracked objects:
    92 ;;		On entry : 0/0
    93 ;;		On exit  : 0/0
    94 ;;		Unchanged: 0/0
    95 ;; Data sizes:     COMRAM   BANK0   BANK1   BANK2   BANK3   BANK4   BANK5
    96 ;;      Params:         0       0       0       0       0       0       0
    97 ;;      Locals:         0       0       0       0       0       0       0
    98 ;;      Temps:          0       0       0       0       0       0       0
    99 ;;      Totals:         0       0       0       0       0       0       0
   100 ;;Total ram usage:        0 bytes
   101 ;; Hardware stack levels required when called:    1
   102 ;; This function calls:
   103 ;;		_acende
   104 ;;		_apaga
   105 ;;		_delay
   106 ;; This function is called by:
   107 ;;		Startup code after reset
   108 ;; This function uses a non-reentrant model
   109 ;;
   110                           
   111                           	psect	text0
   112  007FB4                     __ptext0:
   113                           	opt stack 0
   114  007FB4                     _main:
   115                           	opt stack 30
   116                           
   117                           ;LigaDesl.c: 23: TRISD=0b00000000;
   118                           
   119                           ;incstack = 0
   120  007FB4  0E00               	movlw	0
   121  007FB6  6E95               	movwf	3989,c	;volatile
   122  007FB8                     
   123                           ;LigaDesl.c: 26: acende();
   124  007FB8  ECD3  F03F         	call	_acende	;wreg free
   125                           
   126                           ;LigaDesl.c: 27: delay();
   127  007FBC  ECE5  F03F         	call	_delay	;wreg free
   128                           
   129                           ;LigaDesl.c: 28: apaga();
   130  007FC0  ECD5  F03F         	call	_apaga	;wreg free
   131                           
   132                           ;LigaDesl.c: 29: delay();
   133  007FC4  ECE5  F03F         	call	_delay	;wreg free
   134  007FC8  D7F7               	goto	l21
   135  007FCA                     __end_of_main:
   136                           	opt stack 0
   137                           
   138 ;; *************** function _delay *****************
   139 ;; Defined at:
   140 ;;		line 17 in file "LigaDesl.c"
   141 ;; Parameters:    Size  Location     Type
   142 ;;		None
   143 ;; Auto vars:     Size  Location     Type
   144 ;;  x               4    0[COMRAM] long 
   145 ;; Return value:  Size  Location     Type
   146 ;;                  1    wreg      void 
   147 ;; Registers used:
   148 ;;		wreg, status,2, status,0
   149 ;; Tracked objects:
   150 ;;		On entry : 0/0
   151 ;;		On exit  : 0/0
   152 ;;		Unchanged: 0/0
   153 ;; Data sizes:     COMRAM   BANK0   BANK1   BANK2   BANK3   BANK4   BANK5
   154 ;;      Params:         0       0       0       0       0       0       0
   155 ;;      Locals:         4       0       0       0       0       0       0
   156 ;;      Temps:          0       0       0       0       0       0       0
   157 ;;      Totals:         4       0       0       0       0       0       0
   158 ;;Total ram usage:        4 bytes
   159 ;; Hardware stack levels used:    1
   160 ;; This function calls:
   161 ;;		Nothing
   162 ;; This function is called by:
   163 ;;		_main
   164 ;; This function uses a non-reentrant model
   165 ;;
   166                           
   167                           	psect	text1
   168  007FCA                     __ptext1:
   169                           	opt stack 0
   170  007FCA                     _delay:
   171                           	opt stack 30
   172                           
   173                           ;LigaDesl.c: 18: long x=40000;
   174                           
   175                           ;incstack = 0
   176  007FCA  0E40               	movlw	64
   177  007FCC  6E01               	movwf	delay@x,c
   178  007FCE  0E9C               	movlw	156
   179  007FD0  6E02               	movwf	delay@x+1,c
   180  007FD2  0E00               	movlw	0
   181  007FD4  6E03               	movwf	delay@x+2,c
   182  007FD6  0E00               	movlw	0
   183  007FD8  6E04               	movwf	delay@x+3,c
   184                           
   185                           ;LigaDesl.c: 19: while(x>0) x--;
   186  007FDA  D008               	goto	l13
   187  007FDC                     l652:
   188  007FDC  0EFF               	movlw	255
   189  007FDE  2601               	addwf	delay@x,f,c
   190  007FE0  0EFF               	movlw	255
   191  007FE2  2202               	addwfc	delay@x+1,f,c
   192  007FE4  0EFF               	movlw	255
   193  007FE6  2203               	addwfc	delay@x+2,f,c
   194  007FE8  0EFF               	movlw	255
   195  007FEA  2204               	addwfc	delay@x+3,f,c
   196  007FEC                     l13:
   197  007FEC  BE04               	btfsc	delay@x+3,7,c
   198  007FEE  0012               	return	
   199  007FF0  5004               	movf	delay@x+3,w,c
   200  007FF2  1003               	iorwf	delay@x+2,w,c
   201  007FF4  1002               	iorwf	delay@x+1,w,c
   202  007FF6  E1F2               	bnz	l652
   203  007FF8  0401               	decf	delay@x,w,c
   204  007FFA  A0D8               	btfss	status,0,c
   205  007FFC  0012               	return	
   206  007FFE  D7EE               	goto	l14
   207  008000                     __end_of_delay:
   208                           	opt stack 0
   209                           status	equ	0xFD8
   210                           
   211 ;; *************** function _apaga *****************
   212 ;; Defined at:
   213 ;;		line 14 in file "LigaDesl.c"
   214 ;; Parameters:    Size  Location     Type
   215 ;;		None
   216 ;; Auto vars:     Size  Location     Type
   217 ;;		None
   218 ;; Return value:  Size  Location     Type
   219 ;;                  1    wreg      void 
   220 ;; Registers used:
   221 ;;		None
   222 ;; Tracked objects:
   223 ;;		On entry : 0/0
   224 ;;		On exit  : 0/0
   225 ;;		Unchanged: 0/0
   226 ;; Data sizes:     COMRAM   BANK0   BANK1   BANK2   BANK3   BANK4   BANK5
   227 ;;      Params:         0       0       0       0       0       0       0
   228 ;;      Locals:         0       0       0       0       0       0       0
   229 ;;      Temps:          0       0       0       0       0       0       0
   230 ;;      Totals:         0       0       0       0       0       0       0
   231 ;;Total ram usage:        0 bytes
   232 ;; Hardware stack levels used:    1
   233 ;; This function calls:
   234 ;;		Nothing
   235 ;; This function is called by:
   236 ;;		_main
   237 ;; This function uses a non-reentrant model
   238 ;;
   239                           
   240                           	psect	text2
   241  007FAA                     __ptext2:
   242                           	opt stack 0
   243  007FAA                     _apaga:
   244                           	opt stack 30
   245                           
   246                           ;LigaDesl.c: 15: RD0=0;
   247                           
   248                           ;incstack = 0
   249  007FAA  9083               	bcf	3971,0,c	;volatile
   250  007FAC  0012               	return		;funcret
   251  007FAE                     __end_of_apaga:
   252                           	opt stack 0
   253                           status	equ	0xFD8
   254                           
   255 ;; *************** function _acende *****************
   256 ;; Defined at:
   257 ;;		line 11 in file "LigaDesl.c"
   258 ;; Parameters:    Size  Location     Type
   259 ;;		None
   260 ;; Auto vars:     Size  Location     Type
   261 ;;		None
   262 ;; Return value:  Size  Location     Type
   263 ;;                  1    wreg      void 
   264 ;; Registers used:
   265 ;;		None
   266 ;; Tracked objects:
   267 ;;		On entry : 0/0
   268 ;;		On exit  : 0/0
   269 ;;		Unchanged: 0/0
   270 ;; Data sizes:     COMRAM   BANK0   BANK1   BANK2   BANK3   BANK4   BANK5
   271 ;;      Params:         0       0       0       0       0       0       0
   272 ;;      Locals:         0       0       0       0       0       0       0
   273 ;;      Temps:          0       0       0       0       0       0       0
   274 ;;      Totals:         0       0       0       0       0       0       0
   275 ;;Total ram usage:        0 bytes
   276 ;; Hardware stack levels used:    1
   277 ;; This function calls:
   278 ;;		Nothing
   279 ;; This function is called by:
   280 ;;		_main
   281 ;; This function uses a non-reentrant model
   282 ;;
   283                           
   284                           	psect	text3
   285  007FA6                     __ptext3:
   286                           	opt stack 0
   287  007FA6                     _acende:
   288                           	opt stack 30
   289                           
   290                           ;LigaDesl.c: 12: RD0=1;
   291                           
   292                           ;incstack = 0
   293  007FA6  8083               	bsf	3971,0,c	;volatile
   294  007FA8  0012               	return		;funcret
   295  007FAA                     __end_of_acende:
   296                           	opt stack 0
   297  0000                     status	equ	0xFD8
   298                           status	equ	0xFD8
   299                           
   300                           	psect	rparam
   301  0000                     status	equ	0xFD8


Data Sizes:
    Strings     0
    Constant    0
    Data        0
    BSS         0
    Persistent  0
    Stack       0

Auto Spaces:
    Space          Size  Autos    Used
    COMRAM          127      4       4
    BANK0           128      0       0
    BANK1           256      0       0
    BANK2           256      0       0
    BANK3           256      0       0
    BANK4           256      0       0
    BANK5           256      0       0

Pointer List with Targets:

    None.

Critical Paths under _main in COMRAM

    _main->_delay

Critical Paths under _main in BANK0

    None.

Critical Paths under _main in BANK1

    None.

Critical Paths under _main in BANK2

    None.

Critical Paths under _main in BANK3

    None.

Critical Paths under _main in BANK4

    None.

Critical Paths under _main in BANK5

    None.

Call Graph Tables:

 ---------------------------------------------------------------------------------
 (Depth) Function   	        Calls       Base Space   Used Autos Params    Refs
 ---------------------------------------------------------------------------------
 (0) _main                                                 0     0      0      15
                             _acende
                              _apaga
                              _delay
 ---------------------------------------------------------------------------------
 (1) _delay                                                4     4      0      15
                                              0 COMRAM     4     4      0
 ---------------------------------------------------------------------------------
 (1) _apaga                                                0     0      0       0
 ---------------------------------------------------------------------------------
 (1) _acende                                               0     0      0       0
 ---------------------------------------------------------------------------------
 Estimated maximum stack depth 1
 ---------------------------------------------------------------------------------

 Call Graph Graphs:

 _main (ROOT)
   _acende
   _apaga
   _delay

 Address spaces:
Name               Size   Autos  Total    Cost      Usage
BITCOMRAM           7F      0       0       0        0.0%
EEDATA             100      0       0       0        0.0%
NULL                 0      0       0       0        0.0%
CODE                 0      0       0       0        0.0%
COMRAM              7F      4       4       1        3.1%
STACK                0      0       0       2        0.0%
DATA                 0      0       0       3        0.0%
BITBANK0            80      0       0       4        0.0%
BANK0               80      0       0       5        0.0%
BITBANK1           100      0       0       6        0.0%
BANK1              100      0       0       7        0.0%
BITBANK2           100      0       0       8        0.0%
BANK2              100      0       0       9        0.0%
BITBANK3           100      0       0      10        0.0%
BANK3              100      0       0      11        0.0%
BITBANK4           100      0       0      12        0.0%
BANK4              100      0       0      13        0.0%
BANK5              100      0       0      14        0.0%
ABS                  0      0       0      15        0.0%
BITBANK5           100      0       0      16        0.0%
BIGRAM             5FF      0       0      17        0.0%
BITSFR               0      0       0     200        0.0%
SFR                  0      0       0     200        0.0%


Microchip Technology PIC18 Macro Assembler V1.45 build -152302408 
Symbol Table                                                                                   Mon May 28 23:35:29 2018

                     l13 7FEC                       l21 7FB8                       l14 7FDC  
            __CFG_OSC$XT 000000                      l652 7FDC                      _RD0 007C18  
           __CFG_WDT$OFF 000000                     _main 7FB4                     start 0000  
           ___param_bank 000000                    ?_main 0001                    _TRISD 000F95  
                  _apaga 7FAA                    _delay 7FCA                    status 000FD8  
        __initialization 7FAE             __end_of_main 7FCA                   ??_main 0005  
          __activetblptr 000000                   ?_apaga 0001                   ?_delay 0001  
                 _acende 7FA6                   delay@x 0001               __accesstop 0080  
__end_of__initialization 7FAE            ___rparam_used 000001           __pcstackCOMRAM 0001  
          __end_of_apaga 7FAE            __end_of_delay 8000                  ??_apaga 0001  
                ??_delay 0001                  ?_acende 0001                  __Hparam 0000  
                __Lparam 0000          __size_of_acende 0004                  __pcinit 7FAE  
                __ramtop 0600                  __ptext0 7FB4                  __ptext1 7FCA  
                __ptext2 7FAA                  __ptext3 7FA6     end_of_initialization 7FAE  
         __end_of_acende 7FAA      start_initialization 7FAE                 ??_acende 0001  
         __size_of_apaga 0004           __size_of_delay 0036                 __Hrparam 0000  
               __Lrparam 0000            __size_of_main 0016  
